2013-08-09 15:34:19 [SERVER] [INFO] Starting integrated minecraft server version 1.6.2
2013-08-09 15:34:19 [SERVER] [INFO] Generating keypair
2013-08-09 15:34:19 [SERVER] [INFO] Converting map!
2013-08-09 15:34:19 [SERVER] [INFO] Scanning folders...
2013-08-09 15:34:19 [SERVER] [INFO] Total conversion count is 0
2013-08-09 15:34:19 [SERVER] [INFO] Preparing start region for level 0
2013-08-09 15:34:20 [SERVER] [INFO] Preparing spawn area: 11%
2013-08-09 15:34:21 [SERVER] [INFO] Preparing spawn area: 35%
2013-08-09 15:34:22 [SERVER] [INFO] Preparing spawn area: 54%
2013-08-09 15:34:23 [SERVER] [INFO] Preparing spawn area: 76%
2013-08-09 15:34:25 [SERVER] [INFO] Player890[/127.0.0.1:0] logged in with entity id 118 at (-136.5, 68.0, 158.5)
2013-08-09 15:34:25 [SERVER] [INFO] Player890 joined the game
2013-08-09 15:34:55 [SERVER] [INFO] Saving and pausing game...
2013-08-09 15:34:55 [SERVER] [INFO] Saving chunks for level 'New World'/Overworld
2013-08-09 15:34:55 [SERVER] [INFO] Saving chunks for level 'New World'/Nether
2013-08-09 15:34:55 [SERVER] [INFO] Saving chunks for level 'New World'/The End
2013-08-09 15:34:56 [SERVER] [INFO] Stopping server
2013-08-09 15:34:56 [SERVER] [INFO] Saving players
2013-08-09 15:34:56 [SERVER] [INFO] Player890 left the game
2013-08-09 15:34:56 [SERVER] [INFO] Saving worlds
2013-08-09 15:34:56 [SERVER] [INFO] Saving chunks for level 'New World'/Overworld
2013-08-09 15:34:56 [SERVER] [INFO] Saving chunks for level 'New World'/Nether
2013-08-09 15:34:56 [SERVER] [INFO] Saving chunks for level 'New World'/The End
2013-08-09 15:37:48 [SERVER] [INFO] Starting integrated minecraft server version 1.6.2
2013-08-09 15:37:48 [SERVER] [INFO] Generating keypair
2013-08-09 15:37:48 [SERVER] [INFO] Preparing start region for level 0
2013-08-09 15:37:49 [SERVER] [INFO] Player671[/127.0.0.1:0] logged in with entity id 240 at (-155.14974904352616, 64.0, 170.49823190162994)
2013-08-09 15:37:49 [SERVER] [INFO] Player671 joined the game
2013-08-09 15:38:12 [SERVER] [INFO] Saving and pausing game...
2013-08-09 15:38:12 [SERVER] [INFO] Saving chunks for level 'New World'/Overworld
2013-08-09 15:38:12 [SERVER] [INFO] Saving chunks for level 'New World'/Nether
2013-08-09 15:38:12 [SERVER] [INFO] Saving chunks for level 'New World'/The End
2013-08-09 15:38:13 [SERVER] [INFO] Player671 lost connection: disconnect.quitting
2013-08-09 15:38:13 [SERVER] [INFO] Player671 left the game
2013-08-09 15:38:13 [SERVER] [INFO] Stopping singleplayer server as player logged out
2013-08-09 15:38:13 [SERVER] [INFO] Stopping server
2013-08-09 15:38:13 [SERVER] [INFO] Saving players
2013-08-09 15:38:13 [SERVER] [INFO] Saving worlds
2013-08-09 15:38:13 [SERVER] [INFO] Saving chunks for level 'New World'/Overworld
2013-08-09 15:38:13 [SERVER] [INFO] Saving chunks for level 'New World'/Nether
2013-08-09 15:38:13 [SERVER] [INFO] Saving chunks for level 'New World'/The End
2013-08-10 13:28:02 [SERVER] [INFO] Starting integrated minecraft server version 1.6.2
2013-08-10 13:28:02 [SERVER] [INFO] Generating keypair
2013-08-10 13:28:03 [SERVER] [INFO] Preparing start region for level 0
2013-08-10 13:28:04 [SERVER] [INFO] Player155[/127.0.0.1:0] logged in with entity id 238 at (-155.69999998807907, 63.0, 171.1915957663903)
2013-08-10 13:28:04 [SERVER] [INFO] Player155 joined the game
2013-08-10 13:29:03 [SERVER] [INFO] Saving and pausing game...
2013-08-10 13:29:03 [SERVER] [INFO] Saving chunks for level 'New World'/Overworld
2013-08-10 13:29:03 [SERVER] [INFO] Saving chunks for level 'New World'/Nether
2013-08-10 13:29:03 [SERVER] [INFO] Saving chunks for level 'New World'/The End
2013-08-10 13:29:39 [SERVER] [INFO] Saving and pausing game...
2013-08-10 13:29:39 [SERVER] [INFO] Saving chunks for level 'New World'/Overworld
2013-08-10 13:29:39 [SERVER] [INFO] Saving chunks for level 'New World'/Nether
2013-08-10 13:29:39 [SERVER] [INFO] Saving chunks for level 'New World'/The End
2013-08-10 13:29:40 [SERVER] [INFO] Stopping server
2013-08-10 13:29:40 [SERVER] [INFO] Saving players
2013-08-10 13:29:40 [SERVER] [INFO] Player155 left the game
2013-08-10 13:29:40 [SERVER] [INFO] Saving worlds
2013-08-10 13:29:40 [SERVER] [INFO] Saving chunks for level 'New World'/Overworld
2013-08-10 13:29:40 [SERVER] [INFO] Saving chunks for level 'New World'/Nether
2013-08-10 13:29:40 [SERVER] [INFO] Saving chunks for level 'New World'/The End
2013-08-10 13:44:31 [SERVER] [INFO] Starting integrated minecraft server version 1.6.2
2013-08-10 13:44:31 [SERVER] [INFO] Generating keypair
2013-08-10 13:44:31 [SERVER] [INFO] Preparing start region for level 0
2013-08-10 13:44:32 [SERVER] [INFO] Player0[/127.0.0.1:0] logged in with entity id 248 at (-161.0854653335387, 65.0, 173.05939144194792)
2013-08-10 13:44:32 [SERVER] [INFO] Player0 joined the game
2013-08-10 13:44:33 [SERVER] [INFO] Saving and pausing game...
2013-08-10 13:44:33 [SERVER] [INFO] Saving chunks for level 'New World'/Overworld
2013-08-10 13:44:33 [SERVER] [INFO] Saving chunks for level 'New World'/Nether
2013-08-10 13:44:33 [SERVER] [INFO] Saving chunks for level 'New World'/The End
2013-08-10 13:44:40 [SERVER] [INFO] Saving and pausing game...
2013-08-10 13:44:40 [SERVER] [INFO] Saving chunks for level 'New World'/Overworld
2013-08-10 13:44:40 [SERVER] [INFO] Saving chunks for level 'New World'/Nether
2013-08-10 13:44:40 [SERVER] [INFO] Saving chunks for level 'New World'/The End
2013-08-10 13:45:00 [SERVER] [INFO] Saving and pausing game...
2013-08-10 13:45:00 [SERVER] [INFO] Saving chunks for level 'New World'/Overworld
2013-08-10 13:45:00 [SERVER] [INFO] Saving chunks for level 'New World'/Nether
2013-08-10 13:45:00 [SERVER] [INFO] Saving chunks for level 'New World'/The End
2013-08-10 13:45:01 [SERVER] [INFO] Player0 lost connection: disconnect.quitting
2013-08-10 13:45:01 [SERVER] [INFO] Player0 left the game
2013-08-10 13:45:01 [SERVER] [INFO] Stopping singleplayer server as player logged out
2013-08-10 13:45:01 [SERVER] [INFO] Stopping server
2013-08-10 13:45:01 [SERVER] [INFO] Saving players
2013-08-10 13:45:01 [SERVER] [INFO] Saving worlds
2013-08-10 13:45:01 [SERVER] [INFO] Saving chunks for level 'New World'/Overworld
2013-08-10 13:45:01 [SERVER] [INFO] Saving chunks for level 'New World'/Nether
2013-08-10 13:45:01 [SERVER] [INFO] Saving chunks for level 'New World'/The End
2013-08-12 13:50:48 [SERVER] [INFO] Starting integrated minecraft server version 1.6.2
2013-08-12 13:50:48 [SERVER] [INFO] Generating keypair
2013-08-12 13:50:49 [SERVER] [INFO] Preparing start region for level 0
2013-08-12 13:50:50 [SERVER] [INFO] Preparing spawn area: 62%
2013-08-12 13:50:51 [SERVER] [INFO] Player296[/127.0.0.1:0] logged in with entity id 267 at (-116.54415583143556, 72.0, 242.1376197841521)
2013-08-12 13:50:51 [SERVER] [INFO] Player296 joined the game
2013-08-12 13:50:51 [SERVER] [INFO] Saving and pausing game...
2013-08-12 13:50:51 [SERVER] [INFO] Saving chunks for level 'New World'/Overworld
2013-08-12 13:50:51 [SERVER] [INFO] Saving chunks for level 'New World'/Nether
2013-08-12 13:50:51 [SERVER] [INFO] Saving chunks for level 'New World'/The End
2013-08-12 13:50:58 [SERVER] [INFO] Saving and pausing game...
2013-08-12 13:50:58 [SERVER] [INFO] Saving chunks for level 'New World'/Overworld
2013-08-12 13:50:58 [SERVER] [INFO] Saving chunks for level 'New World'/Nether
2013-08-12 13:50:58 [SERVER] [INFO] Saving chunks for level 'New World'/The End
2013-08-12 13:51:00 [SERVER] [INFO] Saving and pausing game...
2013-08-12 13:51:00 [SERVER] [INFO] Saving chunks for level 'New World'/Overworld
2013-08-12 13:51:00 [SERVER] [INFO] Saving chunks for level 'New World'/Nether
2013-08-12 13:51:00 [SERVER] [INFO] Saving chunks for level 'New World'/The End
2013-08-12 13:51:01 [SERVER] [INFO] Player296 lost connection: disconnect.quitting
2013-08-12 13:51:01 [SERVER] [INFO] Player296 left the game
2013-08-12 13:51:01 [SERVER] [INFO] Stopping singleplayer server as player logged out
2013-08-12 13:51:01 [SERVER] [INFO] Stopping server
2013-08-12 13:51:01 [SERVER] [INFO] Saving players
2013-08-12 13:51:01 [SERVER] [INFO] Saving worlds
2013-08-12 13:51:01 [SERVER] [INFO] Saving chunks for level 'New World'/Overworld
2013-08-12 13:51:01 [SERVER] [INFO] Saving chunks for level 'New World'/Nether
2013-08-12 13:51:01 [SERVER] [INFO] Saving chunks for level 'New World'/The End
2013-08-12 13:58:18 [SERVER] [INFO] Starting integrated minecraft server version 1.6.2
2013-08-12 13:58:18 [SERVER] [INFO] Generating keypair
2013-08-12 13:58:18 [SERVER] [INFO] Preparing start region for level 0
2013-08-12 13:58:19 [SERVER] [INFO] Player625[/127.0.0.1:0] logged in with entity id 394 at (245.14483557454236, 66.0, 242.69999998807907)
2013-08-12 13:58:19 [SERVER] [INFO] Player625 joined the game
2013-08-12 13:58:59 [SERVER] [INFO] [Player625: Set own game mode to Survival Mode]
2013-08-12 13:59:00 [SERVER] [INFO] Saving and pausing game...
2013-08-12 13:59:00 [SERVER] [INFO] Saving chunks for level 'New World'/Overworld
2013-08-12 13:59:00 [SERVER] [INFO] Saving chunks for level 'New World'/Nether
2013-08-12 13:59:00 [SERVER] [INFO] Saving chunks for level 'New World'/The End
2013-08-12 13:59:34 [SERVER] [INFO] Saving and pausing game...
2013-08-12 13:59:34 [SERVER] [INFO] Saving chunks for level 'New World'/Overworld
2013-08-12 13:59:34 [SERVER] [INFO] Saving chunks for level 'New World'/Nether
2013-08-12 13:59:34 [SERVER] [INFO] Saving chunks for level 'New World'/The End
2013-08-12 14:00:11 [SERVER] [INFO] Stopping server
2013-08-12 14:00:11 [SERVER] [INFO] Saving players
2013-08-12 14:00:11 [SERVER] [INFO] Player625 left the game
2013-08-12 14:00:11 [SERVER] [INFO] Saving worlds
2013-08-12 14:00:11 [SERVER] [INFO] Saving chunks for level 'New World'/Overworld
2013-08-12 14:00:11 [SERVER] [INFO] Saving chunks for level 'New World'/Nether
2013-08-12 14:00:11 [SERVER] [INFO] Saving chunks for level 'New World'/The End
2013-08-16 13:59:14 [SERVER] [INFO] Starting integrated minecraft server version 1.6.2
2013-08-16 13:59:14 [SERVER] [INFO] Generating keypair
2013-08-16 13:59:15 [SERVER] [INFO] Preparing start region for level 0
2013-08-16 13:59:16 [SERVER] [INFO] Preparing spawn area: 56%
2013-08-16 13:59:16 [SERVER] [INFO] Player828[/127.0.0.1:0] logged in with entity id 400 at (246.32396375715518, 68.0, 245.69999998807907)
2013-08-16 13:59:16 [SERVER] [INFO] Player828 joined the game
2013-08-16 13:59:30 [SERVER] [INFO] [Player828: Set own game mode to Creative Mode]
2013-08-16 14:00:44 [SERVER] [INFO] [Player828: Set own game mode to Survival Mode]
2013-08-16 14:01:08 [SERVER] [INFO] Saving and pausing game...
2013-08-16 14:01:08 [SERVER] [INFO] Saving chunks for level 'New World'/Overworld
2013-08-16 14:01:08 [SERVER] [INFO] Saving chunks for level 'New World'/Nether
2013-08-16 14:01:08 [SERVER] [INFO] Saving chunks for level 'New World'/The End
2013-08-16 14:01:10 [SERVER] [INFO] Saving and pausing game...
2013-08-16 14:01:10 [SERVER] [INFO] Saving chunks for level 'New World'/Overworld
2013-08-16 14:01:10 [SERVER] [INFO] Saving chunks for level 'New World'/Nether
2013-08-16 14:01:10 [SERVER] [INFO] Saving chunks for level 'New World'/The End
2013-08-16 14:02:12 [SERVER] [INFO] Stopping server
2013-08-16 14:02:12 [SERVER] [INFO] Saving players
2013-08-16 14:02:12 [SERVER] [INFO] Player828 left the game
2013-08-16 14:02:12 [SERVER] [INFO] Saving worlds
2013-08-16 14:02:12 [SERVER] [INFO] Saving chunks for level 'New World'/Overworld
2013-08-16 14:02:12 [SERVER] [INFO] Saving chunks for level 'New World'/Nether
2013-08-16 14:02:12 [SERVER] [INFO] Saving chunks for level 'New World'/The End
2013-08-16 14:06:49 [SERVER] [INFO] Starting integrated minecraft server version 1.6.2
2013-08-16 14:06:49 [SERVER] [INFO] Generating keypair
2013-08-16 14:06:49 [SERVER] [INFO] Preparing start region for level 0
2013-08-16 14:06:50 [SERVER] [INFO] Player250[/127.0.0.1:0] logged in with entity id 409 at (245.06012868569945, 67.0, 243.69999998807907)
2013-08-16 14:06:50 [SERVER] [INFO] Player250 joined the game
2013-08-16 14:07:08 [SERVER] [INFO] Saving and pausing game...
2013-08-16 14:07:08 [SERVER] [INFO] Saving chunks for level 'New World'/Overworld
2013-08-16 14:07:08 [SERVER] [INFO] Saving chunks for level 'New World'/Nether
2013-08-16 14:07:08 [SERVER] [INFO] Saving chunks for level 'New World'/The End
2013-08-16 14:07:09 [SERVER] [INFO] Stopping server
2013-08-16 14:07:09 [SERVER] [INFO] Saving players
2013-08-16 14:07:09 [SERVER] [INFO] Player250 left the game
2013-08-16 14:07:10 [SERVER] [INFO] Saving worlds
2013-08-16 14:07:10 [SERVER] [INFO] Saving chunks for level 'New World'/Overworld
2013-08-16 14:07:10 [SERVER] [INFO] Saving chunks for level 'New World'/Nether
2013-08-16 14:07:10 [SERVER] [INFO] Saving chunks for level 'New World'/The End
2013-08-16 14:23:47 [SERVER] [INFO] Starting integrated minecraft server version 1.6.2
2013-08-16 14:23:47 [SERVER] [INFO] Generating keypair
2013-08-16 14:23:47 [SERVER] [INFO] Preparing start region for level 0
2013-08-16 14:23:48 [SERVER] [INFO] Player93[/127.0.0.1:0] logged in with entity id 387 at (245.55144027536477, 68.0, 244.86807851754506)
2013-08-16 14:23:48 [SERVER] [INFO] Player93 joined the game
2013-08-16 14:23:49 [SERVER] [INFO] Saving and pausing game...
2013-08-16 14:23:49 [SERVER] [INFO] Saving chunks for level 'New World'/Overworld
2013-08-16 14:23:49 [SERVER] [INFO] Saving chunks for level 'New World'/Nether
2013-08-16 14:23:49 [SERVER] [INFO] Saving chunks for level 'New World'/The End
2013-08-16 14:24:10 [SERVER] [INFO] [Player93: Set own game mode to Creative Mode]
2013-08-16 14:27:42 [SERVER] [INFO] Saving and pausing game...
2013-08-16 14:27:42 [SERVER] [INFO] Saving chunks for level 'New World'/Overworld
2013-08-16 14:27:42 [SERVER] [INFO] Saving chunks for level 'New World'/Nether
2013-08-16 14:27:42 [SERVER] [INFO] Saving chunks for level 'New World'/The End
2013-08-16 14:28:01 [SERVER] [INFO] Saving and pausing game...
2013-08-16 14:28:01 [SERVER] [INFO] Saving chunks for level 'New World'/Overworld
2013-08-16 14:28:01 [SERVER] [INFO] Saving chunks for level 'New World'/Nether
2013-08-16 14:28:01 [SERVER] [INFO] Saving chunks for level 'New World'/The End
2013-08-16 14:28:46 [SERVER] [INFO] Saving and pausing game...
2013-08-16 14:28:46 [SERVER] [INFO] Saving chunks for level 'New World'/Overworld
2013-08-16 14:28:46 [SERVER] [INFO] Saving chunks for level 'New World'/Nether
2013-08-16 14:28:46 [SERVER] [INFO] Saving chunks for level 'New World'/The End
2013-08-16 14:28:50 [SERVER] [INFO] Stopping server
2013-08-16 14:28:50 [SERVER] [INFO] Saving players
2013-08-16 14:28:50 [SERVER] [INFO] Player93 left the game
2013-08-16 14:28:50 [SERVER] [INFO] Saving worlds
2013-08-16 14:28:50 [SERVER] [INFO] Saving chunks for level 'New World'/Overworld
2013-08-16 14:28:50 [SERVER] [INFO] Saving chunks for level 'New World'/Nether
2013-08-16 14:28:50 [SERVER] [INFO] Saving chunks for level 'New World'/The End
2013-08-22 17:37:21 [SERVER] [INFO] Starting integrated minecraft server version 1.6.2
2013-08-22 17:37:21 [SERVER] [INFO] Generating keypair
2013-08-22 17:37:21 [SERVER] [INFO] Preparing start region for level 0
2013-08-22 17:37:22 [SERVER] [INFO] Preparing spawn area: 68%
2013-08-22 17:37:23 [SERVER] [INFO] Player937[/127.0.0.1:0] logged in with entity id 378 at (252.11564520551653, 64.0, 234.3329464425912)
2013-08-22 17:37:23 [SERVER] [INFO] Player937 joined the game
2013-08-22 17:37:39 [SERVER] [INFO] Saving and pausing game...
2013-08-22 17:37:39 [SERVER] [INFO] Saving chunks for level 'New World'/Overworld
2013-08-22 17:37:39 [SERVER] [INFO] Saving chunks for level 'New World'/Nether
2013-08-22 17:37:39 [SERVER] [INFO] Saving chunks for level 'New World'/The End
2013-08-23 16:44:26 [SERVER] [INFO] Starting integrated minecraft server version 1.6.2
2013-08-23 16:44:26 [SERVER] [INFO] Generating keypair
2013-08-23 16:44:27 [SERVER] [INFO] Preparing start region for level 0
2013-08-23 16:44:28 [SERVER] [INFO] Preparing spawn area: 73%
2013-08-23 16:44:28 [SERVER] [INFO] Player671[/127.0.0.1:0] logged in with entity id 379 at (252.11564520551653, 64.0, 234.3329464425912)
2013-08-23 16:44:28 [SERVER] [INFO] Player671 joined the game
2013-08-23 16:44:45 [SERVER] [INFO] Saving and pausing game...
2013-08-23 16:44:45 [SERVER] [INFO] Saving chunks for level 'New World'/Overworld
2013-08-23 16:44:46 [SERVER] [INFO] Saving chunks for level 'New World'/Nether
2013-08-23 16:44:46 [SERVER] [INFO] Saving chunks for level 'New World'/The End
2013-08-23 16:57:11 [SERVER] [INFO] Stopping server
2013-08-23 16:57:11 [SERVER] [INFO] Saving players
2013-08-23 16:57:11 [SERVER] [INFO] Player671 left the game
2013-08-23 16:57:11 [SERVER] [INFO] Saving worlds
2013-08-23 16:57:11 [SERVER] [INFO] Saving chunks for level 'New World'/Overworld
2013-08-23 16:57:11 [SERVER] [INFO] Saving chunks for level 'New World'/Nether
2013-08-23 16:57:11 [SERVER] [INFO] Saving chunks for level 'New World'/The End
2013-08-23 16:58:22 [SERVER] [INFO] Starting integrated minecraft server version 1.6.2
2013-08-23 16:58:22 [SERVER] [INFO] Generating keypair
2013-08-23 16:58:31 [SERVER] [INFO] Preparing start region for level 0
2013-08-23 16:58:32 [SERVER] [INFO] Player984[/127.0.0.1:0] logged in with entity id 378 at (252.11564520551653, 64.0, 234.3329464425912)
2013-08-23 16:58:32 [SERVER] [INFO] Player984 joined the game
2013-08-23 16:58:51 [SERVER] [INFO] Saving and pausing game...
2013-08-23 16:58:51 [SERVER] [INFO] Saving chunks for level 'New World'/Overworld
2013-08-23 16:58:51 [SERVER] [INFO] Saving chunks for level 'New World'/Nether
2013-08-23 16:58:51 [SERVER] [INFO] Saving chunks for level 'New World'/The End
2013-08-23 16:58:53 [SERVER] [INFO] Stopping server
2013-08-23 16:58:53 [SERVER] [INFO] Saving players
2013-08-23 16:58:53 [SERVER] [INFO] Player984 left the game
2013-08-23 16:58:53 [SERVER] [INFO] Saving worlds
2013-08-23 16:58:53 [SERVER] [INFO] Saving chunks for level 'New World'/Overworld
2013-08-23 16:58:53 [SERVER] [INFO] Saving chunks for level 'New World'/Nether
2013-08-23 16:58:53 [SERVER] [INFO] Saving chunks for level 'New World'/The End
2013-08-23 16:59:23 [SERVER] [INFO] Starting integrated minecraft server version 1.6.2
2013-08-23 16:59:23 [SERVER] [INFO] Generating keypair
2013-08-23 16:59:23 [SERVER] [INFO] Preparing start region for level 0
2013-08-23 16:59:24 [SERVER] [INFO] Player984[/127.0.0.1:0] logged in with entity id 376 at (252.11564520551653, 64.0, 234.3329464425912)
2013-08-23 16:59:24 [SERVER] [INFO] Player984 joined the game
2013-08-23 16:59:53 [SERVER] [INFO] Saving and pausing game...
2013-08-23 16:59:53 [SERVER] [INFO] Saving chunks for level 'New World'/Overworld
2013-08-23 16:59:53 [SERVER] [INFO] Saving chunks for level 'New World'/Nether
2013-08-23 16:59:53 [SERVER] [INFO] Saving chunks for level 'New World'/The End
2013-08-23 16:59:53 [SERVER] [INFO] Saving and pausing game...
2013-08-23 16:59:53 [SERVER] [INFO] Saving chunks for level 'New World'/Overworld
2013-08-23 16:59:53 [SERVER] [INFO] Saving chunks for level 'New World'/Nether
2013-08-23 16:59:53 [SERVER] [INFO] Saving chunks for level 'New World'/The End
2013-08-23 16:59:54 [SERVER] [INFO] Stopping server
2013-08-23 16:59:54 [SERVER] [INFO] Saving players
2013-08-23 16:59:54 [SERVER] [INFO] Player984 left the game
2013-08-23 16:59:54 [SERVER] [INFO] Saving worlds
2013-08-23 16:59:54 [SERVER] [INFO] Saving chunks for level 'New World'/Overworld
2013-08-23 16:59:54 [SERVER] [INFO] Saving chunks for level 'New World'/Nether
2013-08-23 16:59:54 [SERVER] [INFO] Saving chunks for level 'New World'/The End
2013-08-23 17:01:51 [SERVER] [INFO] Starting integrated minecraft server version 1.6.2
2013-08-23 17:01:51 [SERVER] [INFO] Generating keypair
2013-08-23 17:02:05 [SERVER] [INFO] Starting integrated minecraft server version 1.6.2
2013-08-23 17:02:05 [SERVER] [INFO] Generating keypair
2013-08-23 17:02:07 [SERVER] [INFO] Preparing start region for level 0
2013-08-23 17:02:08 [SERVER] [INFO] Player562[/127.0.0.1:0] logged in with entity id 379 at (250.58448055422906, 63.0, 232.68033845656)
2013-08-23 17:02:08 [SERVER] [INFO] Player562 joined the game
2013-08-23 17:02:23 [SERVER] [INFO] Saving and pausing game...
2013-08-23 17:02:23 [SERVER] [INFO] Saving chunks for level 'New World'/Overworld
2013-08-23 17:02:23 [SERVER] [INFO] Saving chunks for level 'New World'/Nether
2013-08-23 17:02:23 [SERVER] [INFO] Saving chunks for level 'New World'/The End
2013-08-23 17:02:24 [SERVER] [INFO] Stopping server
2013-08-23 17:02:24 [SERVER] [INFO] Saving players
2013-08-23 17:02:24 [SERVER] [INFO] Player562 left the game
2013-08-23 17:02:24 [SERVER] [INFO] Saving worlds
2013-08-23 17:02:24 [SERVER] [INFO] Saving chunks for level 'New World'/Overworld
2013-08-23 17:02:24 [SERVER] [INFO] Saving chunks for level 'New World'/Nether
2013-08-23 17:02:24 [SERVER] [INFO] Saving chunks for level 'New World'/The End
2013-08-23 17:33:15 [SERVER] [INFO] Starting integrated minecraft server version 1.6.2
2013-08-23 17:33:15 [SERVER] [INFO] Generating keypair
2013-08-23 17:33:16 [SERVER] [INFO] Preparing start region for level 0
2013-08-23 17:33:16 [SERVER] [INFO] Player187[/127.0.0.1:0] logged in with entity id 379 at (249.15329799999265, 63.0, 233.65016788119559)
2013-08-23 17:33:16 [SERVER] [INFO] Player187 joined the game
2013-08-23 17:33:24 [SERVER] [INFO] Saving and pausing game...
2013-08-23 17:33:24 [SERVER] [INFO] Saving chunks for level 'New World'/Overworld
2013-08-23 17:33:24 [SERVER] [INFO] Saving chunks for level 'New World'/Nether
2013-08-23 17:33:24 [SERVER] [INFO] Saving chunks for level 'New World'/The End
2013-08-23 17:37:54 [SERVER] [INFO] Saving and pausing game...
2013-08-23 17:37:54 [SERVER] [INFO] Saving chunks for level 'New World'/Overworld
2013-08-23 17:37:54 [SERVER] [INFO] Saving chunks for level 'New World'/Nether
2013-08-23 17:37:54 [SERVER] [INFO] Saving chunks for level 'New World'/The End
2013-08-23 17:37:55 [SERVER] [INFO] Stopping server
2013-08-23 17:37:55 [SERVER] [INFO] Saving players
2013-08-23 17:37:55 [SERVER] [INFO] Player187 left the game
2013-08-23 17:37:55 [SERVER] [INFO] Saving worlds
2013-08-23 17:37:55 [SERVER] [INFO] Saving chunks for level 'New World'/Overworld
2013-08-23 17:37:55 [SERVER] [INFO] Saving chunks for level 'New World'/Nether
2013-08-23 17:37:55 [SERVER] [INFO] Saving chunks for level 'New World'/The End
2013-08-23 17:45:11 [SERVER] [INFO] Starting integrated minecraft server version 1.6.2
2013-08-23 17:45:11 [SERVER] [INFO] Generating keypair
2013-08-23 17:45:12 [SERVER] [INFO] Preparing start region for level 0
2013-08-23 17:45:13 [SERVER] [INFO] Player875[/127.0.0.1:0] logged in with entity id 379 at (250.69999998807907, 63.0, 222.30000001192093)
2013-08-23 17:45:13 [SERVER] [INFO] Player875 joined the game
2013-08-23 18:04:40 [SERVER] [INFO] [Player875: Set own game mode to Survival Mode]
2013-08-23 18:05:57 [SERVER] [WARNING] Can't keep up! Did the system time change, or is the server overloaded?
2013-08-23 18:06:07 [SERVER] [INFO] [Player875: Set own game mode to Survival Mode]
2013-08-23 18:06:13 [SERVER] [INFO] [Player875: Set own game mode to Creative Mode]
2013-08-23 18:07:01 [SERVER] [INFO] Saving and pausing game...
2013-08-23 18:07:01 [SERVER] [INFO] Saving chunks for level 'New World'/Overworld
2013-08-23 18:07:01 [SERVER] [INFO] Saving chunks for level 'New World'/Nether
2013-08-23 18:07:01 [SERVER] [INFO] Saving chunks for level 'New World'/The End
2013-08-23 18:07:02 [SERVER] [INFO] Stopping server
2013-08-23 18:07:02 [SERVER] [INFO] Saving players
2013-08-23 18:07:02 [SERVER] [INFO] Player875 left the game
2013-08-23 18:07:02 [SERVER] [INFO] Saving worlds
2013-08-23 18:07:02 [SERVER] [INFO] Saving chunks for level 'New World'/Overworld
2013-08-23 18:07:02 [SERVER] [INFO] Saving chunks for level 'New World'/Nether
2013-08-23 18:07:02 [SERVER] [INFO] Saving chunks for level 'New World'/The End
2013-08-23 18:08:11 [SERVER] [INFO] Starting integrated minecraft server version 1.6.2
2013-08-23 18:08:11 [SERVER] [INFO] Generating keypair
2013-08-23 18:08:12 [SERVER] [INFO] Preparing start region for level 0
2013-08-23 18:08:12 [SERVER] [INFO] Player515[/127.0.0.1:0] logged in with entity id 384 at (249.7177242027831, 63.0, 223.09687724623325)
2013-08-23 18:08:12 [SERVER] [INFO] Player515 joined the game
2013-08-23 18:09:00 [SERVER] [INFO] [Player515: Set own game mode to Survival Mode]
2013-08-23 18:09:24 [SERVER] [INFO] [Player515: Set own game mode to Creative Mode]
2013-08-23 18:09:27 [SERVER] [INFO] Saving and pausing game...
2013-08-23 18:09:27 [SERVER] [INFO] Saving chunks for level 'New World'/Overworld
2013-08-23 18:09:27 [SERVER] [INFO] Saving chunks for level 'New World'/Nether
2013-08-23 18:09:27 [SERVER] [INFO] Saving chunks for level 'New World'/The End
2013-08-23 18:09:28 [SERVER] [INFO] Stopping server
2013-08-23 18:09:28 [SERVER] [INFO] Saving players
2013-08-23 18:09:28 [SERVER] [INFO] Player515 left the game
2013-08-23 18:09:28 [SERVER] [INFO] Saving worlds
2013-08-23 18:09:28 [SERVER] [INFO] Saving chunks for level 'New World'/Overworld
2013-08-23 18:09:28 [SERVER] [INFO] Saving chunks for level 'New World'/Nether
2013-08-23 18:09:28 [SERVER] [INFO] Saving chunks for level 'New World'/The End
2013-08-25 16:50:35 [SERVER] [INFO] Starting integrated minecraft server version 1.6.2
2013-08-25 16:50:35 [SERVER] [INFO] Generating keypair
2013-08-25 16:50:35 [SERVER] [INFO] Preparing start region for level 0
2013-08-25 16:50:37 [SERVER] [INFO] Player781[/127.0.0.1:0] logged in with entity id 383 at (250.69999998807907, 63.0, 222.81589314786257)
2013-08-25 16:50:37 [SERVER] [INFO] Player781 joined the game
2013-08-25 16:53:21 [SERVER] [INFO] Saving and pausing game...
2013-08-25 16:53:21 [SERVER] [INFO] Saving chunks for level 'New World'/Overworld
2013-08-25 16:53:21 [SERVER] [INFO] Saving chunks for level 'New World'/Nether
2013-08-25 16:53:21 [SERVER] [INFO] Saving chunks for level 'New World'/The End
2013-08-25 16:53:22 [SERVER] [INFO] Stopping server
2013-08-25 16:53:22 [SERVER] [INFO] Saving players
2013-08-25 16:53:22 [SERVER] [INFO] Player781 left the game
2013-08-25 16:53:22 [SERVER] [INFO] Saving worlds
2013-08-25 16:53:22 [SERVER] [INFO] Saving chunks for level 'New World'/Overworld
2013-08-25 16:53:22 [SERVER] [INFO] Saving chunks for level 'New World'/Nether
2013-08-25 16:53:22 [SERVER] [INFO] Saving chunks for level 'New World'/The End
2013-08-25 17:52:14 [SERVER] [INFO] Starting integrated minecraft server version 1.6.2
2013-08-25 17:52:14 [SERVER] [INFO] Generating keypair
2013-08-25 17:52:14 [SERVER] [INFO] Preparing start region for level 0
2013-08-25 17:52:15 [SERVER] [INFO] Player343[/127.0.0.1:0] logged in with entity id 384 at (249.31561887264252, 63.0, 221.30000001192093)
2013-08-25 17:52:15 [SERVER] [INFO] Player343 joined the game
2013-08-25 17:53:30 [SERVER] [INFO] [Player343: Set own game mode to Creative Mode]
2013-08-25 17:53:44 [SERVER] [INFO] [Player343: Set own game mode to Survival Mode]
2013-08-25 17:53:54 [SERVER] [INFO] Saving and pausing game...
2013-08-25 17:53:54 [SERVER] [INFO] Saving chunks for level 'New World'/Overworld
2013-08-25 17:53:54 [SERVER] [INFO] Saving chunks for level 'New World'/Nether
2013-08-25 17:53:54 [SERVER] [INFO] Saving chunks for level 'New World'/The End
2013-08-25 18:13:34 [SERVER] [INFO] Stopping server
2013-08-25 18:13:34 [SERVER] [INFO] Saving players
2013-08-25 18:13:34 [SERVER] [INFO] Player343 left the game
2013-08-25 18:13:34 [SERVER] [INFO] Saving worlds
2013-08-25 18:13:34 [SERVER] [INFO] Saving chunks for level 'New World'/Overworld
2013-08-25 18:13:34 [SERVER] [INFO] Saving chunks for level 'New World'/Nether
2013-08-25 18:13:34 [SERVER] [INFO] Saving chunks for level 'New World'/The End
2013-08-25 18:27:50 [SERVER] [INFO] Starting integrated minecraft server version 1.6.2
2013-08-25 18:27:50 [SERVER] [INFO] Generating keypair
2013-08-25 18:27:50 [SERVER] [INFO] Preparing start region for level 0
2013-08-25 18:27:51 [SERVER] [INFO] Player546[/127.0.0.1:0] logged in with entity id 379 at (238.48809028341168, 63.0, 234.02971663149165)
2013-08-25 18:27:51 [SERVER] [INFO] Player546 joined the game
2013-08-25 18:27:59 [SERVER] [INFO] [Player546: Set own game mode to Survival Mode]
2013-08-25 18:28:05 [SERVER] [INFO] [Player546: Set own game mode to Creative Mode]
2013-08-25 18:28:51 [SERVER] [INFO] Saving and pausing game...
2013-08-25 18:28:51 [SERVER] [INFO] Saving chunks for level 'New World'/Overworld
2013-08-25 18:28:51 [SERVER] [INFO] Saving chunks for level 'New World'/Nether
2013-08-25 18:28:51 [SERVER] [INFO] Saving chunks for level 'New World'/The End
2013-08-25 18:30:15 [SERVER] [INFO] [Player546: Set own game mode to Survival Mode]
2013-08-25 18:30:27 [SERVER] [INFO] Saving and pausing game...
2013-08-25 18:30:27 [SERVER] [INFO] Saving chunks for level 'New World'/Overworld
2013-08-25 18:30:27 [SERVER] [INFO] Saving chunks for level 'New World'/Nether
2013-08-25 18:30:27 [SERVER] [INFO] Saving chunks for level 'New World'/The End
2013-08-25 18:31:26 [SERVER] [INFO] Saving and pausing game...
2013-08-25 18:31:26 [SERVER] [INFO] Saving chunks for level 'New World'/Overworld
2013-08-25 18:31:26 [SERVER] [INFO] Saving chunks for level 'New World'/Nether
2013-08-25 18:31:26 [SERVER] [INFO] Saving chunks for level 'New World'/The End
2013-08-25 18:31:36 [SERVER] [INFO] Saving and pausing game...
2013-08-25 18:31:36 [SERVER] [INFO] Saving chunks for level 'New World'/Overworld
2013-08-25 18:31:36 [SERVER] [INFO] Saving chunks for level 'New World'/Nether
2013-08-25 18:31:36 [SERVER] [INFO] Saving chunks for level 'New World'/The End
2013-08-25 18:31:57 [SERVER] [INFO] [Player546: Set own game mode to Creative Mode]
2013-08-25 18:31:58 [SERVER] [INFO] Saving and pausing game...
2013-08-25 18:31:58 [SERVER] [INFO] Saving chunks for level 'New World'/Overworld
2013-08-25 18:31:59 [SERVER] [INFO] Saving chunks for level 'New World'/Nether
2013-08-25 18:31:59 [SERVER] [INFO] Saving chunks for level 'New World'/The End
2013-08-25 18:32:49 [SERVER] [INFO] Stopping server
2013-08-25 18:32:49 [SERVER] [INFO] Saving players
2013-08-25 18:32:49 [SERVER] [INFO] Player546 left the game
2013-08-25 18:32:49 [SERVER] [INFO] Saving worlds
2013-08-25 18:32:49 [SERVER] [INFO] Saving chunks for level 'New World'/Overworld
2013-08-25 18:32:49 [SERVER] [INFO] Saving chunks for level 'New World'/Nether
2013-08-25 18:32:49 [SERVER] [INFO] Saving chunks for level 'New World'/The End
2013-08-25 18:37:01 [SERVER] [INFO] Starting integrated minecraft server version 1.6.2
2013-08-25 18:37:01 [SERVER] [INFO] Generating keypair
2013-08-25 18:37:01 [SERVER] [INFO] Preparing start region for level 0
2013-08-25 18:37:02 [SERVER] [INFO] Player437[/127.0.0.1:0] logged in with entity id 374 at (229.4407124077317, 63.0, 222.802904497606)
2013-08-25 18:37:02 [SERVER] [INFO] Player437 joined the game
2013-08-25 18:42:35 [SERVER] [INFO] Saving and pausing game...
2013-08-25 18:42:35 [SERVER] [INFO] Saving chunks for level 'New World'/Overworld
2013-08-25 18:42:35 [SERVER] [INFO] Saving chunks for level 'New World'/Nether
2013-08-25 18:42:35 [SERVER] [INFO] Saving chunks for level 'New World'/The End
2013-08-25 18:42:36 [SERVER] [INFO] Stopping server
2013-08-25 18:42:36 [SERVER] [INFO] Saving players
2013-08-25 18:42:36 [SERVER] [INFO] Player437 left the game
2013-08-25 18:42:36 [SERVER] [INFO] Saving worlds
2013-08-25 18:42:36 [SERVER] [INFO] Saving chunks for level 'New World'/Overworld
2013-08-25 18:42:36 [SERVER] [INFO] Saving chunks for level 'New World'/Nether
2013-08-25 18:42:36 [SERVER] [INFO] Saving chunks for level 'New World'/The End
2013-08-25 18:53:32 [SERVER] [INFO] Starting integrated minecraft server version 1.6.2
2013-08-25 18:53:32 [SERVER] [INFO] Generating keypair
2013-08-25 18:53:32 [SERVER] [INFO] Preparing start region for level 0
2013-08-25 18:53:33 [SERVER] [INFO] Player812[/127.0.0.1:0] logged in with entity id 377 at (229.4407124077317, 63.0, 222.802904497606)
2013-08-25 18:53:33 [SERVER] [INFO] Player812 joined the game
2013-08-25 18:56:04 [SERVER] [INFO] Saving and pausing game...
2013-08-25 18:56:04 [SERVER] [INFO] Saving chunks for level 'New World'/Overworld
2013-08-25 18:56:04 [SERVER] [INFO] Saving chunks for level 'New World'/Nether
2013-08-25 18:56:04 [SERVER] [INFO] Saving chunks for level 'New World'/The End
2013-08-25 19:00:36 [SERVER] [INFO] Saving and pausing game...
2013-08-25 19:00:36 [SERVER] [INFO] Saving chunks for level 'New World'/Overworld
2013-08-25 19:00:36 [SERVER] [INFO] Saving chunks for level 'New World'/Nether
2013-08-25 19:00:36 [SERVER] [INFO] Saving chunks for level 'New World'/The End
2013-08-25 19:01:02 [SERVER] [INFO] [Player812: Set the time to 0]
2013-08-25 19:01:50 [SERVER] [INFO] Saving and pausing game...
2013-08-25 19:01:50 [SERVER] [INFO] Saving chunks for level 'New World'/Overworld
2013-08-25 19:01:50 [SERVER] [INFO] Saving chunks for level 'New World'/Nether
2013-08-25 19:01:50 [SERVER] [INFO] Saving chunks for level 'New World'/The End
2013-08-25 19:02:14 [SERVER] [INFO] Saving and pausing game...
2013-08-25 19:02:14 [SERVER] [INFO] Saving chunks for level 'New World'/Overworld
2013-08-25 19:02:14 [SERVER] [INFO] Saving chunks for level 'New World'/Nether
2013-08-25 19:02:14 [SERVER] [INFO] Saving chunks for level 'New World'/The End
2013-08-25 19:03:40 [SERVER] [INFO] Stopping server
2013-08-25 19:03:40 [SERVER] [INFO] Saving players
2013-08-25 19:03:40 [SERVER] [INFO] Player812 left the game
2013-08-25 19:03:40 [SERVER] [INFO] Saving worlds
2013-08-25 19:03:40 [SERVER] [INFO] Saving chunks for level 'New World'/Overworld
2013-08-25 19:03:40 [SERVER] [INFO] Saving chunks for level 'New World'/Nether
2013-08-25 19:03:40 [SERVER] [INFO] Saving chunks for level 'New World'/The End
2013-08-25 20:03:28 [SERVER] [INFO] Starting integrated minecraft server version 1.6.2
2013-08-25 20:03:28 [SERVER] [INFO] Generating keypair
2013-08-25 20:03:28 [SERVER] [INFO] Preparing start region for level 0
2013-08-25 20:03:29 [SERVER] [INFO] Player609[/127.0.0.1:0] logged in with entity id 379 at (232.12701023296145, 63.0, 243.7796648828292)
2013-08-25 20:03:29 [SERVER] [INFO] Player609 joined the game
2013-08-25 20:04:43 [SERVER] [INFO] Saving and pausing game...
2013-08-25 20:04:43 [SERVER] [INFO] Saving chunks for level 'New World'/Overworld
2013-08-25 20:04:43 [SERVER] [INFO] Saving chunks for level 'New World'/Nether
2013-08-25 20:04:43 [SERVER] [INFO] Saving chunks for level 'New World'/The End
2013-08-25 20:05:55 [SERVER] [INFO] Saving and pausing game...
2013-08-25 20:05:55 [SERVER] [INFO] Saving chunks for level 'New World'/Overworld
2013-08-25 20:05:55 [SERVER] [INFO] Saving chunks for level 'New World'/Nether
2013-08-25 20:05:55 [SERVER] [INFO] Saving chunks for level 'New World'/The End
2013-08-25 20:06:30 [SERVER] [INFO] Saving and pausing game...
2013-08-25 20:06:30 [SERVER] [INFO] Saving chunks for level 'New World'/Overworld
2013-08-25 20:06:30 [SERVER] [INFO] Saving chunks for level 'New World'/Nether
2013-08-25 20:06:30 [SERVER] [INFO] Saving chunks for level 'New World'/The End
2013-08-25 20:07:06 [SERVER] [INFO] Saving and pausing game...
2013-08-25 20:07:06 [SERVER] [INFO] Saving chunks for level 'New World'/Overworld
2013-08-25 20:07:06 [SERVER] [INFO] Saving chunks for level 'New World'/Nether
2013-08-25 20:07:06 [SERVER] [INFO] Saving chunks for level 'New World'/The End
2013-08-25 20:15:41 [SERVER] [INFO] Saving and pausing game...
2013-08-25 20:15:41 [SERVER] [INFO] Saving chunks for level 'New World'/Overworld
2013-08-25 20:15:41 [SERVER] [INFO] Saving chunks for level 'New World'/Nether
2013-08-25 20:15:41 [SERVER] [INFO] Saving chunks for level 'New World'/The End
2013-08-25 20:15:42 [SERVER] [INFO] Stopping server
2013-08-25 20:15:42 [SERVER] [INFO] Saving players
2013-08-25 20:15:42 [SERVER] [INFO] Player609 left the game
2013-08-25 20:15:42 [SERVER] [INFO] Saving worlds
2013-08-25 20:15:42 [SERVER] [INFO] Saving chunks for level 'New World'/Overworld
2013-08-25 20:15:42 [SERVER] [INFO] Saving chunks for level 'New World'/Nether
2013-08-25 20:15:42 [SERVER] [INFO] Saving chunks for level 'New World'/The End
2013-08-26 11:32:04 [SERVER] [INFO] Starting integrated minecraft server version 1.6.2
2013-08-26 11:32:04 [SERVER] [INFO] Generating keypair
2013-08-26 11:32:04 [SERVER] [INFO] Preparing start region for level 0
2013-08-26 11:32:05 [SERVER] [INFO] Player296[/127.0.0.1:0] logged in with entity id 380 at (216.94939975056295, 63.0, 228.5209814954857)
2013-08-26 11:32:05 [SERVER] [INFO] Player296 joined the game
2013-08-26 11:32:18 [SERVER] [INFO] Saving and pausing game...
2013-08-26 11:32:18 [SERVER] [INFO] Saving chunks for level 'New World'/Overworld
2013-08-26 11:32:18 [SERVER] [INFO] Saving chunks for level 'New World'/Nether
2013-08-26 11:32:18 [SERVER] [INFO] Saving chunks for level 'New World'/The End
2013-08-26 11:32:19 [SERVER] [INFO] Stopping server
2013-08-26 11:32:19 [SERVER] [INFO] Saving players
2013-08-26 11:32:19 [SERVER] [INFO] Player296 left the game
2013-08-26 11:32:19 [SERVER] [INFO] Saving worlds
2013-08-26 11:32:19 [SERVER] [INFO] Saving chunks for level 'New World'/Overworld
2013-08-26 11:32:19 [SERVER] [INFO] Saving chunks for level 'New World'/Nether
2013-08-26 11:32:19 [SERVER] [INFO] Saving chunks for level 'New World'/The End
2013-08-28 10:24:49 [SERVER] [INFO] Starting integrated minecraft server version 1.6.2
2013-08-28 10:24:49 [SERVER] [INFO] Generating keypair
2013-08-28 10:24:49 [SERVER] [INFO] Preparing start region for level 0
2013-08-28 10:24:50 [SERVER] [INFO] Player16[/127.0.0.1:0] logged in with entity id 384 at (222.6365262999584, 63.0, 226.5188697443004)
2013-08-28 10:24:50 [SERVER] [INFO] Player16 joined the game
2013-08-28 10:25:07 [SERVER] [INFO] Saving and pausing game...
2013-08-28 10:25:07 [SERVER] [INFO] Saving chunks for level 'New World'/Overworld
2013-08-28 10:25:07 [SERVER] [INFO] Saving chunks for level 'New World'/Nether
2013-08-28 10:25:07 [SERVER] [INFO] Saving chunks for level 'New World'/The End
2013-08-28 10:25:08 [SERVER] [INFO] Stopping server
2013-08-28 10:25:08 [SERVER] [INFO] Saving players
2013-08-28 10:25:08 [SERVER] [INFO] Player16 left the game
2013-08-28 10:25:08 [SERVER] [INFO] Saving worlds
2013-08-28 10:25:08 [SERVER] [INFO] Saving chunks for level 'New World'/Overworld
2013-08-28 10:25:08 [SERVER] [INFO] Saving chunks for level 'New World'/Nether
2013-08-28 10:25:08 [SERVER] [INFO] Saving chunks for level 'New World'/The End
2013-08-28 10:26:22 [SERVER] [INFO] Starting integrated minecraft server version 1.6.2
2013-08-28 10:26:22 [SERVER] [INFO] Generating keypair
2013-08-28 10:26:22 [SERVER] [INFO] Preparing start region for level 0
2013-08-28 10:26:23 [SERVER] [INFO] Player687[/127.0.0.1:0] logged in with entity id 386 at (222.6365262999584, 63.0, 226.5188697443004)
2013-08-28 10:26:23 [SERVER] [INFO] Player687 joined the game
2013-08-28 10:29:55 [SERVER] [INFO] [Player687: Set the time to 0]
2013-08-28 10:32:20 [SERVER] [INFO] Saving and pausing game...
2013-08-28 10:32:20 [SERVER] [INFO] Saving chunks for level 'New World'/Overworld
2013-08-28 10:32:20 [SERVER] [INFO] Saving chunks for level 'New World'/Nether
2013-08-28 10:32:20 [SERVER] [INFO] Saving chunks for level 'New World'/The End
2013-08-28 10:33:19 [SERVER] [INFO] Saving and pausing game...
2013-08-28 10:33:19 [SERVER] [INFO] Saving chunks for level 'New World'/Overworld
2013-08-28 10:33:19 [SERVER] [INFO] Saving chunks for level 'New World'/Nether
2013-08-28 10:33:19 [SERVER] [INFO] Saving chunks for level 'New World'/The End
2013-08-28 10:33:19 [SERVER] [INFO] Stopping server
2013-08-28 10:33:19 [SERVER] [INFO] Saving players
2013-08-28 10:33:19 [SERVER] [INFO] Player687 left the game
2013-08-28 10:33:19 [SERVER] [INFO] Saving worlds
2013-08-28 10:33:19 [SERVER] [INFO] Saving chunks for level 'New World'/Overworld
2013-08-28 10:33:19 [SERVER] [INFO] Saving chunks for level 'New World'/Nether
2013-08-28 10:33:19 [SERVER] [INFO] Saving chunks for level 'New World'/The End
2013-08-28 13:45:01 [SERVER] [INFO] Starting integrated minecraft server version 1.6.2
2013-08-28 13:45:01 [SERVER] [INFO] Generating keypair
2013-08-28 13:45:01 [SERVER] [INFO] Preparing start region for level 0
2013-08-28 13:45:02 [SERVER] [INFO] Player15[/127.0.0.1:0] logged in with entity id 395 at (238.41219998205983, 61.0, 226.86363483317183)
2013-08-28 13:45:02 [SERVER] [INFO] Player15 joined the game
2013-08-28 13:45:48 [SERVER] [INFO] Saving and pausing game...
2013-08-28 13:45:48 [SERVER] [INFO] Saving chunks for level 'New World'/Overworld
2013-08-28 13:45:48 [SERVER] [INFO] Saving chunks for level 'New World'/Nether
2013-08-28 13:45:48 [SERVER] [INFO] Saving chunks for level 'New World'/The End
2013-08-28 13:45:49 [SERVER] [INFO] Stopping server
2013-08-28 13:45:49 [SERVER] [INFO] Saving players
2013-08-28 13:45:49 [SERVER] [INFO] Player15 left the game
2013-08-28 13:45:49 [SERVER] [INFO] Saving worlds
2013-08-28 13:45:49 [SERVER] [INFO] Saving chunks for level 'New World'/Overworld
2013-08-28 13:45:49 [SERVER] [INFO] Saving chunks for level 'New World'/Nether
2013-08-28 13:45:49 [SERVER] [INFO] Saving chunks for level 'New World'/The End
2013-09-03 09:58:27 [SERVER] [INFO] Starting integrated minecraft server version 1.6.2
2013-09-03 09:58:27 [SERVER] [INFO] Generating keypair
2013-09-03 09:58:28 [SERVER] [INFO] Preparing start region for level 0
2013-09-03 09:58:29 [SERVER] [INFO] Preparing spawn area: 41%
2013-09-03 09:58:31 [SERVER] [INFO] Player453[/127.0.0.1:0] logged in with entity id 396 at (233.35096206644187, 63.0, 228.9378441731655)
2013-09-03 09:58:31 [SERVER] [INFO] Player453 joined the game
2013-09-03 10:27:10 [SERVER] [INFO] Stopping server
2013-09-03 10:27:10 [SERVER] [INFO] Saving players
2013-09-03 10:27:10 [SERVER] [INFO] Player453 left the game
2013-09-03 10:27:11 [SERVER] [INFO] Saving worlds
2013-09-03 10:27:11 [SERVER] [INFO] Saving chunks for level 'New World'/Overworld
2013-09-03 10:27:11 [SERVER] [INFO] Saving chunks for level 'New World'/Nether
2013-09-03 10:27:11 [SERVER] [INFO] Saving chunks for level 'New World'/The End
2013-09-03 10:27:11 [SERVER] [INFO] Stopping server
2013-09-03 10:31:34 [SERVER] [INFO] Starting integrated minecraft server version 1.6.2
2013-09-03 10:31:34 [SERVER] [INFO] Generating keypair
2013-09-03 10:31:35 [SERVER] [INFO] Preparing start region for level 0
2013-09-03 10:31:36 [SERVER] [INFO] Preparing spawn area: 50%
2013-09-03 10:31:37 [SERVER] [INFO] Player860[/127.0.0.1:0] logged in with entity id 389 at (233.35096206644187, 63.0, 228.9378441731655)
2013-09-03 10:31:37 [SERVER] [INFO] Player860 joined the game
2013-09-03 10:31:59 [SERVER] [INFO] Saving and pausing game...
2013-09-03 10:31:59 [SERVER] [INFO] Saving chunks for level 'New World'/Overworld
2013-09-03 10:31:59 [SERVER] [INFO] Saving chunks for level 'New World'/Nether
2013-09-03 10:31:59 [SERVER] [INFO] Saving chunks for level 'New World'/The End
2013-09-03 10:31:59 [SERVER] [INFO] Stopping server
2013-09-03 10:31:59 [SERVER] [INFO] Saving players
2013-09-03 10:31:59 [SERVER] [INFO] Player860 left the game
2013-09-03 10:31:59 [SERVER] [INFO] Saving worlds
2013-09-03 10:31:59 [SERVER] [INFO] Saving chunks for level 'New World'/Overworld
2013-09-03 10:31:59 [SERVER] [INFO] Saving chunks for level 'New World'/Nether
2013-09-03 10:31:59 [SERVER] [INFO] Saving chunks for level 'New World'/The End
2013-09-03 12:56:03 [SERVER] [INFO] Starting integrated minecraft server version 1.6.2
2013-09-03 12:56:03 [SERVER] [INFO] Generating keypair
2013-09-03 12:56:03 [SERVER] [INFO] Preparing start region for level 0
2013-09-03 12:56:04 [SERVER] [INFO] Player359[/127.0.0.1:0] logged in with entity id 387 at (232.39062320886802, 63.0, 225.44032728428905)
2013-09-03 12:56:04 [SERVER] [INFO] Player359 joined the game
2013-09-03 12:57:38 [SERVER] [INFO] Saving and pausing game...
2013-09-03 12:57:38 [SERVER] [INFO] Saving chunks for level 'New World'/Overworld
2013-09-03 12:57:38 [SERVER] [INFO] Saving chunks for level 'New World'/Nether
2013-09-03 12:57:38 [SERVER] [INFO] Saving chunks for level 'New World'/The End
2013-09-03 12:58:00 [SERVER] [INFO] Saving and pausing game...
2013-09-03 12:58:00 [SERVER] [INFO] Saving chunks for level 'New World'/Overworld
2013-09-03 12:58:00 [SERVER] [INFO] Saving chunks for level 'New World'/Nether
2013-09-03 12:58:00 [SERVER] [INFO] Saving chunks for level 'New World'/The End
2013-09-03 12:58:24 [SERVER] [INFO] [Player359: Set the time to 0]
2013-09-03 12:58:40 [SERVER] [INFO] Saving and pausing game...
2013-09-03 12:58:40 [SERVER] [INFO] Saving chunks for level 'New World'/Overworld
2013-09-03 12:58:40 [SERVER] [INFO] Saving chunks for level 'New World'/Nether
2013-09-03 12:58:40 [SERVER] [INFO] Saving chunks for level 'New World'/The End
2013-09-04 09:05:50 [SERVER] [INFO] Starting integrated minecraft server version 1.6.2
2013-09-04 09:05:51 [SERVER] [INFO] Generating keypair
2013-09-04 09:05:51 [SERVER] [INFO] Converting map!
2013-09-04 09:05:51 [SERVER] [INFO] Scanning folders...
2013-09-04 09:05:51 [SERVER] [INFO] Total conversion count is 0
2013-09-04 09:05:51 [SERVER] [INFO] Preparing start region for level 0
2013-09-04 09:05:52 [SERVER] [INFO] Preparing spawn area: 14%
2013-09-04 09:05:53 [SERVER] [INFO] Preparing spawn area: 39%
2013-09-04 09:05:54 [SERVER] [INFO] Preparing spawn area: 60%
2013-09-04 09:05:55 [SERVER] [INFO] Preparing spawn area: 83%
2013-09-04 09:05:56 [SERVER] [INFO] Player750[/127.0.0.1:0] logged in with entity id 74 at (158.5, 51.0, 238.5)
2013-09-04 09:05:56 [SERVER] [INFO] Player750 joined the game
2013-09-04 09:06:24 [SERVER] [INFO] Player750 drowned
2013-09-04 09:06:28 [SERVER] [INFO] Saving and pausing game...
2013-09-04 09:06:28 [SERVER] [INFO] Saving chunks for level 'Mundo OreGeneration'/Overworld
2013-09-04 09:06:28 [SERVER] [INFO] Saving chunks for level 'Mundo OreGeneration'/Nether
2013-09-04 09:06:28 [SERVER] [INFO] Saving chunks for level 'Mundo OreGeneration'/The End
2013-09-04 09:06:31 [SERVER] [INFO] Saving and pausing game...
2013-09-04 09:06:31 [SERVER] [INFO] Saving chunks for level 'Mundo OreGeneration'/Overworld
2013-09-04 09:06:31 [SERVER] [INFO] Saving chunks for level 'Mundo OreGeneration'/Nether
2013-09-04 09:06:31 [SERVER] [INFO] Saving chunks for level 'Mundo OreGeneration'/The End
2013-09-04 09:06:32 [SERVER] [INFO] Stopping server
2013-09-04 09:06:32 [SERVER] [INFO] Saving players
2013-09-04 09:06:32 [SERVER] [INFO] Player750 left the game
2013-09-04 09:06:32 [SERVER] [INFO] Saving worlds
2013-09-04 09:06:32 [SERVER] [INFO] Saving chunks for level 'Mundo OreGeneration'/Overworld
2013-09-04 09:06:32 [SERVER] [INFO] Saving chunks for level 'Mundo OreGeneration'/Nether
2013-09-04 09:06:32 [SERVER] [INFO] Saving chunks for level 'Mundo OreGeneration'/The End
2013-09-04 09:18:44 [SERVER] [INFO] Starting integrated minecraft server version 1.6.2
2013-09-04 09:18:44 [SERVER] [INFO] Generating keypair
2013-09-04 09:18:45 [SERVER] [INFO] Converting map!
2013-09-04 09:18:45 [SERVER] [INFO] Scanning folders...
2013-09-04 09:18:45 [SERVER] [INFO] Total conversion count is 0
2013-09-04 09:18:45 [SERVER] [INFO] Preparing start region for level 0
2013-09-04 09:18:46 [SERVER] [INFO] Preparing spawn area: 12%
2013-09-04 09:18:47 [SERVER] [INFO] Preparing spawn area: 28%
2013-09-04 09:18:48 [SERVER] [INFO] Preparing spawn area: 45%
2013-09-04 09:18:49 [SERVER] [INFO] Preparing spawn area: 62%
2013-09-04 09:18:50 [SERVER] [INFO] Preparing spawn area: 78%
2013-09-04 09:18:51 [SERVER] [INFO] Preparing spawn area: 94%
2013-09-04 09:18:51 [SERVER] [INFO] Player718[/127.0.0.1:0] logged in with entity id 108 at (224.5, 76.0, 221.5)
2013-09-04 09:18:51 [SERVER] [INFO] Player718 joined the game
2013-09-04 09:20:59 [SERVER] [INFO] Saving and pausing game...
2013-09-04 09:20:59 [SERVER] [INFO] Saving chunks for level 'Ore64'/Overworld
2013-09-04 09:20:59 [SERVER] [INFO] Saving chunks for level 'Ore64'/Nether
2013-09-04 09:20:59 [SERVER] [INFO] Saving chunks for level 'Ore64'/The End
2013-09-04 10:06:28 [SERVER] [INFO] Stopping server
2013-09-04 10:06:28 [SERVER] [INFO] Saving players
2013-09-04 10:06:28 [SERVER] [INFO] Player718 left the game
2013-09-04 10:06:28 [SERVER] [INFO] Saving worlds
2013-09-04 10:06:28 [SERVER] [INFO] Saving chunks for level 'Ore64'/Overworld
2013-09-04 10:06:29 [SERVER] [INFO] Saving chunks for level 'Ore64'/Nether
2013-09-04 10:06:29 [SERVER] [INFO] Saving chunks for level 'Ore64'/The End
2013-09-04 10:41:36 [SERVER] [INFO] Starting integrated minecraft server version 1.6.2
2013-09-04 10:41:36 [SERVER] [INFO] Generating keypair
2013-09-04 10:41:36 [SERVER] [INFO] Converting map!
2013-09-04 10:41:36 [SERVER] [INFO] Scanning folders...
2013-09-04 10:41:36 [SERVER] [INFO] Total conversion count is 0
2013-09-04 10:41:36 [SERVER] [INFO] Preparing start region for level 0
2013-09-04 10:41:37 [SERVER] [INFO] Preparing spawn area: 9%
2013-09-04 10:41:38 [SERVER] [INFO] Preparing spawn area: 24%
2013-09-04 10:41:39 [SERVER] [INFO] Preparing spawn area: 40%
2013-09-04 10:41:40 [SERVER] [INFO] Preparing spawn area: 56%
2013-09-04 10:41:41 [SERVER] [INFO] Preparing spawn area: 71%
2013-09-04 10:41:42 [SERVER] [INFO] Preparing spawn area: 86%
2013-09-04 10:41:43 [SERVER] [INFO] Preparing spawn area: 98%
2013-09-04 10:41:44 [SERVER] [INFO] Player656[/127.0.0.1:0] logged in with entity id 160 at (-62.5, 67.0, 251.5)
2013-09-04 10:41:44 [SERVER] [INFO] Player656 joined the game
2013-09-04 10:41:45 [SERVER] [INFO] Saving and pausing game...
2013-09-04 10:41:45 [SERVER] [INFO] Saving chunks for level 'New World-netherOre'/Overworld
2013-09-04 10:41:53 [SERVER] [INFO] Saving chunks for level 'New World-netherOre'/Nether
2013-09-04 10:41:53 [SERVER] [INFO] Saving chunks for level 'New World-netherOre'/The End
2013-09-04 10:41:54 [SERVER] [WARNING] Can't keep up! Did the system time change, or is the server overloaded?
2013-09-04 10:42:12 [SERVER] [INFO] Saving and pausing game...
2013-09-04 10:42:12 [SERVER] [INFO] Saving chunks for level 'New World-netherOre'/Overworld
2013-09-04 10:42:12 [SERVER] [INFO] Saving chunks for level 'New World-netherOre'/Nether
2013-09-04 10:42:12 [SERVER] [INFO] Saving chunks for level 'New World-netherOre'/The End
2013-09-04 10:43:13 [SERVER] [INFO] Saving and pausing game...
2013-09-04 10:43:13 [SERVER] [INFO] Saving chunks for level 'New World-netherOre'/Overworld
2013-09-04 10:43:13 [SERVER] [INFO] Saving chunks for level 'New World-netherOre'/Nether
2013-09-04 10:43:13 [SERVER] [INFO] Saving chunks for level 'New World-netherOre'/The End
2013-09-04 10:43:37 [SERVER] [INFO] Saving and pausing game...
2013-09-04 10:43:37 [SERVER] [INFO] Saving chunks for level 'New World-netherOre'/Overworld
2013-09-04 10:43:37 [SERVER] [INFO] Saving chunks for level 'New World-netherOre'/Nether
2013-09-04 10:43:37 [SERVER] [INFO] Saving chunks for level 'New World-netherOre'/The End
2013-09-04 10:44:15 [SERVER] [INFO] Saving and pausing game...
2013-09-04 10:44:15 [SERVER] [INFO] Saving chunks for level 'New World-netherOre'/Overworld
2013-09-04 10:44:15 [SERVER] [INFO] Saving chunks for level 'New World-netherOre'/Nether
2013-09-04 10:44:15 [SERVER] [INFO] Saving chunks for level 'New World-netherOre'/The End
2013-09-04 10:44:59 [SERVER] [INFO] Saving and pausing game...
2013-09-04 10:44:59 [SERVER] [INFO] Saving chunks for level 'New World-netherOre'/Overworld
2013-09-04 10:44:59 [SERVER] [INFO] Saving chunks for level 'New World-netherOre'/Nether
2013-09-04 10:44:59 [SERVER] [INFO] Saving chunks for level 'New World-netherOre'/The End
2013-09-04 10:46:13 [SERVER] [WARNING] Can't keep up! Did the system time change, or is the server overloaded?
2013-09-04 10:46:13 [SERVER] [INFO] Saving and pausing game...
2013-09-04 10:46:13 [SERVER] [INFO] Saving chunks for level 'New World-netherOre'/Overworld
2013-09-04 10:46:13 [SERVER] [INFO] Saving chunks for level 'New World-netherOre'/Nether
2013-09-04 10:46:14 [SERVER] [INFO] Saving chunks for level 'New World-netherOre'/The End
2013-09-04 10:46:22 [SERVER] [INFO] Saving and pausing game...
2013-09-04 10:46:22 [SERVER] [INFO] Saving chunks for level 'New World-netherOre'/Overworld
2013-09-04 10:46:22 [SERVER] [INFO] Saving chunks for level 'New World-netherOre'/Nether
2013-09-04 10:46:22 [SERVER] [INFO] Saving chunks for level 'New World-netherOre'/The End
2013-09-04 10:47:25 [SERVER] [INFO] Saving and pausing game...
2013-09-04 10:47:25 [SERVER] [INFO] Saving chunks for level 'New World-netherOre'/Overworld
2013-09-04 10:47:25 [SERVER] [INFO] Saving chunks for level 'New World-netherOre'/Nether
2013-09-04 10:47:26 [SERVER] [INFO] Saving chunks for level 'New World-netherOre'/The End
2013-09-04 10:47:36 [SERVER] [INFO] Saving and pausing game...
2013-09-04 10:47:36 [SERVER] [INFO] Saving chunks for level 'New World-netherOre'/Overworld
2013-09-04 10:47:36 [SERVER] [INFO] Saving chunks for level 'New World-netherOre'/Nether
2013-09-04 10:47:36 [SERVER] [INFO] Saving chunks for level 'New World-netherOre'/The End
2013-09-04 10:50:11 [SERVER] [INFO] Saving and pausing game...
2013-09-04 10:50:11 [SERVER] [INFO] Saving chunks for level 'New World-netherOre'/Overworld
2013-09-04 10:50:11 [SERVER] [INFO] Saving chunks for level 'New World-netherOre'/Nether
2013-09-04 10:50:11 [SERVER] [INFO] Saving chunks for level 'New World-netherOre'/The End
2013-09-04 10:52:18 [SERVER] [INFO] Saving and pausing game...
2013-09-04 10:52:18 [SERVER] [INFO] Saving chunks for level 'New World-netherOre'/Overworld
2013-09-04 10:52:18 [SERVER] [INFO] Saving chunks for level 'New World-netherOre'/Nether
2013-09-04 10:52:18 [SERVER] [INFO] Saving chunks for level 'New World-netherOre'/The End
2013-09-04 10:53:19 [SERVER] [INFO] Saving and pausing game...
2013-09-04 10:53:19 [SERVER] [INFO] Saving chunks for level 'New World-netherOre'/Overworld
2013-09-04 10:53:19 [SERVER] [INFO] Saving chunks for level 'New World-netherOre'/Nether
2013-09-04 10:53:19 [SERVER] [INFO] Saving chunks for level 'New World-netherOre'/The End
2013-09-04 10:53:20 [SERVER] [INFO] Saving and pausing game...
2013-09-04 10:53:20 [SERVER] [INFO] Saving chunks for level 'New World-netherOre'/Overworld
2013-09-04 10:53:20 [SERVER] [INFO] Saving chunks for level 'New World-netherOre'/Nether
2013-09-04 10:53:20 [SERVER] [INFO] Saving chunks for level 'New World-netherOre'/The End
2013-09-04 10:53:21 [SERVER] [INFO] Stopping server
2013-09-04 10:53:21 [SERVER] [INFO] Saving players
2013-09-04 10:53:21 [SERVER] [INFO] Player656 left the game
2013-09-04 10:53:21 [SERVER] [INFO] Saving worlds
2013-09-04 10:53:21 [SERVER] [INFO] Saving chunks for level 'New World-netherOre'/Overworld
2013-09-04 10:53:21 [SERVER] [INFO] Saving chunks for level 'New World-netherOre'/Nether
2013-09-04 10:53:21 [SERVER] [INFO] Saving chunks for level 'New World-netherOre'/The End
2013-09-04 10:57:23 [SERVER] [INFO] Starting integrated minecraft server version 1.6.2
2013-09-04 10:57:23 [SERVER] [INFO] Generating keypair
2013-09-04 10:57:23 [SERVER] [INFO] Converting map!
2013-09-04 10:57:23 [SERVER] [INFO] Scanning folders...
2013-09-04 10:57:23 [SERVER] [INFO] Total conversion count is 0
2013-09-04 10:57:23 [SERVER] [INFO] Preparing start region for level 0
2013-09-04 10:57:24 [SERVER] [INFO] Preparing spawn area: 8%
2013-09-04 10:57:25 [SERVER] [INFO] Preparing spawn area: 24%
2013-09-04 10:57:26 [SERVER] [INFO] Preparing spawn area: 41%
2013-09-04 10:57:27 [SERVER] [INFO] Preparing spawn area: 54%
2013-09-04 10:57:28 [SERVER] [INFO] Preparing spawn area: 67%
2013-09-04 10:57:29 [SERVER] [INFO] Preparing spawn area: 78%
2013-09-04 10:57:30 [SERVER] [INFO] Preparing spawn area: 93%
2013-09-04 10:57:31 [SERVER] [INFO] Player734[/127.0.0.1:0] logged in with entity id 307 at (-105.5, 82.0, 319.5)
2013-09-04 10:57:31 [SERVER] [INFO] Player734 joined the game
2013-09-04 10:58:13 [SERVER] [WARNING] Can't keep up! Did the system time change, or is the server overloaded?
2013-09-04 10:58:13 [SERVER] [INFO] Saving and pausing game...
2013-09-04 10:58:13 [SERVER] [INFO] Saving chunks for level 'New World'/Overworld
2013-09-04 10:58:13 [SERVER] [INFO] Saving chunks for level 'New World'/Nether
2013-09-04 10:58:13 [SERVER] [INFO] Saving chunks for level 'New World'/The End
2013-09-04 10:58:41 [SERVER] [INFO] Saving and pausing game...
2013-09-04 10:58:41 [SERVER] [INFO] Saving chunks for level 'New World'/Overworld
2013-09-04 10:58:42 [SERVER] [INFO] Saving chunks for level 'New World'/Nether
2013-09-04 10:58:42 [SERVER] [INFO] Saving chunks for level 'New World'/The End
2013-09-04 11:05:49 [SERVER] [INFO] Stopping server
2013-09-04 11:05:49 [SERVER] [INFO] Saving players
2013-09-04 11:05:49 [SERVER] [INFO] Player734 left the game
2013-09-04 11:05:49 [SERVER] [INFO] Saving worlds
2013-09-04 11:05:49 [SERVER] [INFO] Saving chunks for level 'New World'/Overworld
2013-09-04 11:05:49 [SERVER] [INFO] Saving chunks for level 'New World'/Nether
2013-09-04 11:05:49 [SERVER] [INFO] Saving chunks for level 'New World'/The End
2013-09-04 11:07:48 [SERVER] [INFO] Starting integrated minecraft server version 1.6.2
2013-09-04 11:07:48 [SERVER] [INFO] Generating keypair
2013-09-04 11:07:48 [SERVER] [INFO] Converting map!
2013-09-04 11:07:48 [SERVER] [INFO] Scanning folders...
2013-09-04 11:07:48 [SERVER] [INFO] Total conversion count is 0
2013-09-04 11:07:48 [SERVER] [INFO] Preparing start region for level 0
2013-09-04 11:07:49 [SERVER] [INFO] Preparing spawn area: 7%
2013-09-04 11:07:50 [SERVER] [INFO] Preparing spawn area: 20%
2013-09-04 11:07:51 [SERVER] [INFO] Preparing spawn area: 33%
2013-09-04 11:07:52 [SERVER] [INFO] Preparing spawn area: 45%
2013-09-04 11:07:53 [SERVER] [INFO] Preparing spawn area: 58%
2013-09-04 11:07:54 [SERVER] [INFO] Preparing spawn area: 72%
2013-09-04 11:07:55 [SERVER] [INFO] Preparing spawn area: 88%
2013-09-04 11:07:56 [SERVER] [INFO] Player359[/127.0.0.1:0] logged in with entity id 213 at (-35.5, 72.0, 236.5)
2013-09-04 11:07:56 [SERVER] [INFO] Player359 joined the game
2013-09-04 11:08:34 [SERVER] [WARNING] Can't keep up! Did the system time change, or is the server overloaded?
2013-09-04 11:08:34 [SERVER] [INFO] Saving and pausing game...
2013-09-04 11:08:34 [SERVER] [INFO] Saving chunks for level 'New World'/Overworld
2013-09-04 11:08:34 [SERVER] [INFO] Saving chunks for level 'New World'/Nether
2013-09-04 11:08:34 [SERVER] [INFO] Saving chunks for level 'New World'/The End
2013-09-04 11:10:09 [SERVER] [INFO] Saving and pausing game...
2013-09-04 11:10:09 [SERVER] [INFO] Saving chunks for level 'New World'/Overworld
2013-09-04 11:10:09 [SERVER] [INFO] Saving chunks for level 'New World'/Nether
2013-09-04 11:10:09 [SERVER] [INFO] Saving chunks for level 'New World'/The End
2013-09-04 11:10:36 [SERVER] [INFO] Saving and pausing game...
2013-09-04 11:10:36 [SERVER] [INFO] Saving chunks for level 'New World'/Overworld
2013-09-04 11:10:36 [SERVER] [INFO] Saving chunks for level 'New World'/Nether
2013-09-04 11:10:36 [SERVER] [INFO] Saving chunks for level 'New World'/The End
2013-09-04 11:12:38 [SERVER] [INFO] Player359 fell out of the world
2013-09-04 11:13:33 [SERVER] [INFO] Saving and pausing game...
2013-09-04 11:13:33 [SERVER] [INFO] Saving chunks for level 'New World'/Overworld
2013-09-04 11:13:33 [SERVER] [INFO] Saving chunks for level 'New World'/Nether
2013-09-04 11:13:33 [SERVER] [INFO] Saving chunks for level 'New World'/The End
2013-09-04 11:13:53 [SERVER] [INFO] Saving and pausing game...
2013-09-04 11:13:53 [SERVER] [INFO] Saving chunks for level 'New World'/Overworld
2013-09-04 11:13:53 [SERVER] [INFO] Saving chunks for level 'New World'/Nether
2013-09-04 11:13:53 [SERVER] [INFO] Saving chunks for level 'New World'/The End
2013-09-04 11:14:28 [SERVER] [INFO] Saving and pausing game...
2013-09-04 11:14:28 [SERVER] [INFO] Saving chunks for level 'New World'/Overworld
2013-09-04 11:14:28 [SERVER] [INFO] Saving chunks for level 'New World'/Nether
2013-09-04 11:14:28 [SERVER] [INFO] Saving chunks for level 'New World'/The End
2013-09-04 11:14:48 [SERVER] [INFO] Saving and pausing game...
2013-09-04 11:14:48 [SERVER] [INFO] Saving chunks for level 'New World'/Overworld
2013-09-04 11:14:48 [SERVER] [INFO] Saving chunks for level 'New World'/Nether
2013-09-04 11:14:48 [SERVER] [INFO] Saving chunks for level 'New World'/The End
2013-09-04 11:15:49 [SERVER] [INFO] Saving and pausing game...
2013-09-04 11:15:49 [SERVER] [INFO] Saving chunks for level 'New World'/Overworld
2013-09-04 11:15:49 [SERVER] [INFO] Saving chunks for level 'New World'/Nether
2013-09-04 11:15:49 [SERVER] [INFO] Saving chunks for level 'New World'/The End
2013-09-04 11:16:14 [SERVER] [INFO] Saving and pausing game...
2013-09-04 11:16:14 [SERVER] [INFO] Saving chunks for level 'New World'/Overworld
2013-09-04 11:16:14 [SERVER] [INFO] Saving chunks for level 'New World'/Nether
2013-09-04 11:16:14 [SERVER] [INFO] Saving chunks for level 'New World'/The End
2013-09-04 11:16:15 [SERVER] [INFO] Stopping server
2013-09-04 11:16:15 [SERVER] [INFO] Saving players
2013-09-04 11:16:15 [SERVER] [INFO] Player359 left the game
2013-09-04 11:16:15 [SERVER] [INFO] Saving worlds
2013-09-04 11:16:15 [SERVER] [INFO] Saving chunks for level 'New World'/Overworld
2013-09-04 11:16:15 [SERVER] [INFO] Saving chunks for level 'New World'/Nether
2013-09-04 11:16:15 [SERVER] [INFO] Saving chunks for level 'New World'/The End
2014-11-28 19:10:15 [SERVER] [INFO] Starting integrated minecraft server version 1.6.2
2014-11-28 19:10:16 [SERVER] [INFO] Generating keypair
2014-11-28 19:10:19 [SERVER] [INFO] Preparing start region for level 0
2014-11-28 19:10:20 [SERVER] [INFO] Preparing spawn area: 17%
2014-11-28 19:10:21 [SERVER] [INFO] Preparing spawn area: 33%
2014-11-28 19:10:22 [SERVER] [INFO] Preparing spawn area: 50%
2014-11-28 19:10:24 [SERVER] [INFO] Preparing spawn area: 56%
2014-11-28 19:10:25 [SERVER] [INFO] Preparing spawn area: 80%
2014-11-28 19:10:26 [SERVER] [INFO] Player671[/127.0.0.1:0] logged in with entity id 47 at (644.5123664740581, 4.507188068884703, 182.7499999824108)
2014-11-28 19:10:26 [SERVER] [INFO] Player671 joined the game
2014-11-28 19:10:48 [SERVER] [WARNING] Can't keep up! Did the system time change, or is the server overloaded?
2014-11-28 19:10:50 [SERVER] [INFO] Saving and pausing game...
2014-11-28 19:10:50 [SERVER] [INFO] Saving chunks for level 'New World'/Overworld
2014-11-28 19:10:50 [SERVER] [INFO] Saving chunks for level 'New World'/Nether
2014-11-28 19:10:50 [SERVER] [INFO] Saving chunks for level 'New World'/The End
2014-11-28 19:14:00 [SERVER] [INFO] [Player671: Set own game mode to Survival Mode]
2014-11-28 19:15:22 [SERVER] [WARNING] Can't keep up! Did the system time change, or is the server overloaded?
2014-11-28 19:15:52 [SERVER] [INFO] Player671 was slain by Slime
2014-11-28 19:18:52 [SERVER] [INFO] [Player671: Set the time to 0]
2014-11-28 19:22:11 [SERVER] [INFO] [Player671: Given Speed (ID 1) * 10 to Player671 for 10 seconds]
2014-11-28 19:22:11 [SERVER] [WARNING] Can't keep up! Did the system time change, or is the server overloaded?
2014-11-28 19:22:22 [SERVER] [INFO] [Player671: Given Speed (ID 1) * 100 to Player671 for 10 seconds]
2014-11-28 19:22:35 [SERVER] [WARNING] Can't keep up! Did the system time change, or is the server overloaded?
2014-11-28 19:22:42 [SERVER] [INFO] [Player671: Given Speed (ID 1) * 100 to Player671 for 10 seconds]
2014-11-28 19:23:30 [SERVER] [INFO] [Player671: Set own game mode to Creative Mode]
2014-11-28 19:23:39 [SERVER] [INFO] [Player671: Set own game mode to Survival Mode]
2014-11-28 19:24:48 [SERVER] [INFO] [Player671: Given Speed (ID 1) * 100 to Player671 for 100 seconds]
2014-11-28 19:24:54 [SERVER] [WARNING] Can't keep up! Did the system time change, or is the server overloaded?
2014-11-28 19:25:13 [SERVER] [INFO] [Player671: Set own game mode to Creative Mode]
2014-11-28 19:25:38 [SERVER] [WARNING] Can't keep up! Did the system time change, or is the server overloaded?
2014-11-28 19:26:24 [SERVER] [WARNING] Can't keep up! Did the system time change, or is the server overloaded?
2014-11-28 19:26:29 [SERVER] [INFO] Player671 fell out of the world
2014-11-28 19:26:34 [SERVER] [WARNING] Can't keep up! Did the system time change, or is the server overloaded?
2014-11-28 19:28:06 [SERVER] [INFO] Saving and pausing game...
2014-11-28 19:28:06 [SERVER] [INFO] Saving chunks for level 'New World'/Overworld
2014-11-28 19:28:06 [SERVER] [INFO] Saving chunks for level 'New World'/Nether
2014-11-28 19:28:06 [SERVER] [INFO] Saving chunks for level 'New World'/The End
2014-11-28 19:28:07 [SERVER] [INFO] Player671 lost connection: disconnect.quitting
2014-11-28 19:28:07 [SERVER] [INFO] Player671 left the game
2014-11-28 19:28:07 [SERVER] [INFO] Stopping singleplayer server as player logged out
2014-11-28 19:28:07 [SERVER] [INFO] Stopping server
2014-11-28 19:28:07 [SERVER] [INFO] Saving players
2014-11-28 19:28:07 [SERVER] [INFO] Saving worlds
2014-11-28 19:28:07 [SERVER] [INFO] Saving chunks for level 'New World'/Overworld
2014-11-28 19:28:07 [SERVER] [INFO] Saving chunks for level 'New World'/Nether
2014-11-28 19:28:07 [SERVER] [INFO] Saving chunks for level 'New World'/The End
2014-11-28 19:38:03 [SERVER] [INFO] Starting integrated minecraft server version 1.6.2
2014-11-28 19:38:03 [SERVER] [INFO] Generating keypair
2014-11-28 19:38:04 [SERVER] [INFO] Preparing start region for level 0
2014-11-28 19:38:05 [SERVER] [INFO] Preparing spawn area: 23%
2014-11-28 19:38:06 [SERVER] [INFO] Preparing spawn area: 64%
2014-11-28 19:38:08 [SERVER] [INFO] Player202[/127.0.0.1:0] logged in with entity id 30 at (618.6905926818681, 4.0, 172.4742639633649)
2014-11-28 19:38:08 [SERVER] [INFO] Player202 joined the game
2014-11-28 19:38:10 [SERVER] [INFO] Saving and pausing game...
2014-11-28 19:38:11 [SERVER] [INFO] Saving chunks for level 'New World'/Overworld
2014-11-28 19:38:11 [SERVER] [INFO] Saving chunks for level 'New World'/Nether
2014-11-28 19:38:11 [SERVER] [INFO] Saving chunks for level 'New World'/The End
2014-11-28 19:40:07 [SERVER] [INFO] Saving and pausing game...
2014-11-28 19:40:07 [SERVER] [INFO] Saving chunks for level 'New World'/Overworld
2014-11-28 19:40:07 [SERVER] [INFO] Saving chunks for level 'New World'/Nether
2014-11-28 19:40:07 [SERVER] [INFO] Saving chunks for level 'New World'/The End
2014-11-28 19:42:41 [SERVER] [INFO] Starting integrated minecraft server version 1.6.2
2014-11-28 19:42:41 [SERVER] [INFO] Generating keypair
2014-11-28 19:42:42 [SERVER] [INFO] Preparing start region for level 0
2014-11-28 19:42:43 [SERVER] [INFO] Preparing spawn area: 28%
2014-11-28 19:42:44 [SERVER] [INFO] Preparing spawn area: 72%
2014-11-28 19:42:45 [SERVER] [INFO] Player203[/127.0.0.1:0] logged in with entity id 33 at (625.9110114790645, 4.0, 176.32111411811124)
2014-11-28 19:42:45 [SERVER] [INFO] Player203 joined the game
2014-11-28 19:44:01 [SERVER] [INFO] Saving and pausing game...
2014-11-28 19:44:01 [SERVER] [INFO] Saving chunks for level 'New World'/Overworld
2014-11-28 19:44:01 [SERVER] [INFO] Saving chunks for level 'New World'/Nether
2014-11-28 19:44:01 [SERVER] [INFO] Saving chunks for level 'New World'/The End
2014-11-28 19:44:02 [SERVER] [INFO] Stopping server
2014-11-28 19:44:02 [SERVER] [INFO] Saving players
2014-11-28 19:44:02 [SERVER] [INFO] Player203 left the game
2014-11-28 19:44:02 [SERVER] [INFO] Saving worlds
2014-11-28 19:44:02 [SERVER] [INFO] Saving chunks for level 'New World'/Overworld
2014-11-28 19:44:02 [SERVER] [INFO] Saving chunks for level 'New World'/Nether
2014-11-28 19:44:02 [SERVER] [INFO] Saving chunks for level 'New World'/The End
